Analysis & Synthesis report for HW4_serial_TxRx
Mon Dec 30 02:01:20 2013
Quartus II 64-Bit Version 13.0.1 Build 232 06/12/2013 Service Pack 1 SJ Web Edition


---------------------
; Table of Contents ;
---------------------
  1. Legal Notice
  2. Analysis & Synthesis Summary
  3. Analysis & Synthesis Settings
  4. Parallel Compilation
  5. Analysis & Synthesis Source Files Read
  6. Analysis & Synthesis Resource Usage Summary
  7. Analysis & Synthesis Resource Utilization by Entity
  8. State Machine - |S1|curr_state
  9. Registers Removed During Synthesis
 10. Removed Registers Triggering Further Register Optimizations
 11. General Register Statistics
 12. Inverted Register Statistics
 13. Multiplexer Restructuring Statistics (Restructuring Performed)
 14. Parameter Settings for User Entity Instance: Top-level Entity: |S1
 15. Elapsed Time Per Partition
 16. Analysis & Synthesis Messages



----------------
; Legal Notice ;
----------------
Copyright (C) 1991-2013 Altera Corporation
Your use of Altera Corporation's design tools, logic functions 
and other software and tools, and its AMPP partner logic 
functions, and any output files from any of the foregoing 
(including device programming or simulation files), and any 
associated documentation or information are expressly subject 
to the terms and conditions of the Altera Program License 
Subscription Agreement, Altera MegaCore Function License 
Agreement, or other applicable license agreement, including, 
without limitation, that your use is for the sole purpose of 
programming logic devices manufactured by Altera and sold by 
Altera or its authorized distributors.  Please refer to the 
applicable agreement for further details.



+--------------------------------------------------------------------------------------+
; Analysis & Synthesis Summary                                                         ;
+------------------------------------+-------------------------------------------------+
; Analysis & Synthesis Status        ; Successful - Mon Dec 30 02:01:20 2013           ;
; Quartus II 64-Bit Version          ; 13.0.1 Build 232 06/12/2013 SP 1 SJ Web Edition ;
; Revision Name                      ; HW4_serial_TxRx                                 ;
; Top-level Entity Name              ; S1                                              ;
; Family                             ; Cyclone II                                      ;
; Total logic elements               ; 344                                             ;
;     Total combinational functions  ; 193                                             ;
;     Dedicated logic registers      ; 190                                             ;
; Total registers                    ; 190                                             ;
; Total pins                         ; 26                                              ;
; Total virtual pins                 ; 0                                               ;
; Total memory bits                  ; 0                                               ;
; Embedded Multiplier 9-bit elements ; 0                                               ;
; Total PLLs                         ; 0                                               ;
+------------------------------------+-------------------------------------------------+


+----------------------------------------------------------------------------------------------------------------------+
; Analysis & Synthesis Settings                                                                                        ;
+----------------------------------------------------------------------------+--------------------+--------------------+
; Option                                                                     ; Setting            ; Default Value      ;
+----------------------------------------------------------------------------+--------------------+--------------------+
; Device                                                                     ; EP2C20F484C7       ;                    ;
; Top-level entity name                                                      ; S1                 ; HW4_serial_TxRx    ;
; Family name                                                                ; Cyclone II         ; Cyclone IV GX      ;
; Type of Retiming Performed During Resynthesis                              ; Full               ;                    ;
; Resynthesis Optimization Effort                                            ; Normal             ;                    ;
; Physical Synthesis Level for Resynthesis                                   ; Normal             ;                    ;
; Use Generated Physical Constraints File                                    ; On                 ;                    ;
; Use smart compilation                                                      ; Off                ; Off                ;
; Enable parallel Assembler and TimeQuest Timing Analyzer during compilation ; On                 ; On                 ;
; Enable compact report table                                                ; Off                ; Off                ;
; Restructure Multiplexers                                                   ; Auto               ; Auto               ;
; Create Debugging Nodes for IP Cores                                        ; Off                ; Off                ;
; Preserve fewer node names                                                  ; On                 ; On                 ;
; Disable OpenCore Plus hardware evaluation                                  ; Off                ; Off                ;
; Verilog Version                                                            ; Verilog_2001       ; Verilog_2001       ;
; VHDL Version                                                               ; VHDL_1993          ; VHDL_1993          ;
; State Machine Processing                                                   ; Auto               ; Auto               ;
; Safe State Machine                                                         ; Off                ; Off                ;
; Extract Verilog State Machines                                             ; On                 ; On                 ;
; Extract VHDL State Machines                                                ; On                 ; On                 ;
; Ignore Verilog initial constructs                                          ; Off                ; Off                ;
; Iteration limit for constant Verilog loops                                 ; 5000               ; 5000               ;
; Iteration limit for non-constant Verilog loops                             ; 250                ; 250                ;
; Add Pass-Through Logic to Inferred RAMs                                    ; On                 ; On                 ;
; Infer RAMs from Raw Logic                                                  ; On                 ; On                 ;
; Parallel Synthesis                                                         ; On                 ; On                 ;
; DSP Block Balancing                                                        ; Auto               ; Auto               ;
; NOT Gate Push-Back                                                         ; On                 ; On                 ;
; Power-Up Don't Care                                                        ; On                 ; On                 ;
; Remove Redundant Logic Cells                                               ; Off                ; Off                ;
; Remove Duplicate Registers                                                 ; On                 ; On                 ;
; Ignore CARRY Buffers                                                       ; Off                ; Off                ;
; Ignore CASCADE Buffers                                                     ; Off                ; Off                ;
; Ignore GLOBAL Buffers                                                      ; Off                ; Off                ;
; Ignore ROW GLOBAL Buffers                                                  ; Off                ; Off                ;
; Ignore LCELL Buffers                                                       ; Off                ; Off                ;
; Ignore SOFT Buffers                                                        ; On                 ; On                 ;
; Limit AHDL Integers to 32 Bits                                             ; Off                ; Off                ;
; Optimization Technique                                                     ; Balanced           ; Balanced           ;
; Carry Chain Length                                                         ; 70                 ; 70                 ;
; Auto Carry Chains                                                          ; On                 ; On                 ;
; Auto Open-Drain Pins                                                       ; On                 ; On                 ;
; Perform WYSIWYG Primitive Resynthesis                                      ; Off                ; Off                ;
; Auto ROM Replacement                                                       ; On                 ; On                 ;
; Auto RAM Replacement                                                       ; On                 ; On                 ;
; Auto Shift Register Replacement                                            ; Auto               ; Auto               ;
; Allow Shift Register Merging across Hierarchies                            ; Auto               ; Auto               ;
; Auto Clock Enable Replacement                                              ; On                 ; On                 ;
; Strict RAM Replacement                                                     ; Off                ; Off                ;
; Allow Synchronous Control Signals                                          ; On                 ; On                 ;
; Force Use of Synchronous Clear Signals                                     ; Off                ; Off                ;
; Auto RAM to Logic Cell Conversion                                          ; Off                ; Off                ;
; Auto Resource Sharing                                                      ; Off                ; Off                ;
; Allow Any RAM Size For Recognition                                         ; Off                ; Off                ;
; Allow Any ROM Size For Recognition                                         ; Off                ; Off                ;
; Allow Any Shift Register Size For Recognition                              ; Off                ; Off                ;
; Use LogicLock Constraints during Resource Balancing                        ; On                 ; On                 ;
; Ignore translate_off and synthesis_off directives                          ; Off                ; Off                ;
; Timing-Driven Synthesis                                                    ; Off                ; Off                ;
; Report Parameter Settings                                                  ; On                 ; On                 ;
; Report Source Assignments                                                  ; On                 ; On                 ;
; Report Connectivity Checks                                                 ; On                 ; On                 ;
; Ignore Maximum Fan-Out Assignments                                         ; Off                ; Off                ;
; Synchronization Register Chain Length                                      ; 2                  ; 2                  ;
; PowerPlay Power Optimization                                               ; Normal compilation ; Normal compilation ;
; HDL message level                                                          ; Level2             ; Level2             ;
; Suppress Register Optimization Related Messages                            ; Off                ; Off                ;
; Number of Removed Registers Reported in Synthesis Report                   ; 5000               ; 5000               ;
; Number of Swept Nodes Reported in Synthesis Report                         ; 5000               ; 5000               ;
; Number of Inverted Registers Reported in Synthesis Report                  ; 100                ; 100                ;
; Clock MUX Protection                                                       ; On                 ; On                 ;
; Auto Gated Clock Conversion                                                ; Off                ; Off                ;
; Block Design Naming                                                        ; Auto               ; Auto               ;
; SDC constraint protection                                                  ; Off                ; Off                ;
; Synthesis Effort                                                           ; Auto               ; Auto               ;
; Shift Register Replacement - Allow Asynchronous Clear Signal               ; On                 ; On                 ;
; Pre-Mapping Resynthesis Optimization                                       ; Off                ; Off                ;
; Analysis & Synthesis Message Level                                         ; Medium             ; Medium             ;
; Disable Register Merging Across Hierarchies                                ; Auto               ; Auto               ;
; Resource Aware Inference For Block RAM                                     ; On                 ; On                 ;
; Synthesis Seed                                                             ; 1                  ; 1                  ;
+----------------------------------------------------------------------------+--------------------+--------------------+


Parallel compilation was disabled, but you have multiple processors available. Enable parallel compilation to reduce compilation time.
+-------------------------------------+
; Parallel Compilation                ;
+----------------------------+--------+
; Processors                 ; Number ;
+----------------------------+--------+
; Number detected on machine ; 4      ;
; Maximum allowed            ; 1      ;
+----------------------------+--------+


+------------------------------------------------------------------------------------------------------------------------------------------------+
; Analysis & Synthesis Source Files Read                                                                                                         ;
+----------------------------------+-----------------+------------------------+--------------------------------------------------------+---------+
; File Name with User-Entered Path ; Used in Netlist ; File Type              ; File Name with Absolute Path                           ; Library ;
+----------------------------------+-----------------+------------------------+--------------------------------------------------------+---------+
; S1.v                             ; yes             ; User Verilog HDL File  ; C:/Users/P/Documents/GitHub/Digital_IC_Design_HW4/S1.v ;         ;
+----------------------------------+-----------------+------------------------+--------------------------------------------------------+---------+


+-----------------------------------------------------+
; Analysis & Synthesis Resource Usage Summary         ;
+---------------------------------------------+-------+
; Resource                                    ; Usage ;
+---------------------------------------------+-------+
; Estimated Total logic elements              ; 344   ;
;                                             ;       ;
; Total combinational functions               ; 193   ;
; Logic element usage by number of LUT inputs ;       ;
;     -- 4 input functions                    ; 133   ;
;     -- 3 input functions                    ; 46    ;
;     -- <=2 input functions                  ; 14    ;
;                                             ;       ;
; Logic elements by mode                      ;       ;
;     -- normal mode                          ; 186   ;
;     -- arithmetic mode                      ; 7     ;
;                                             ;       ;
; Total registers                             ; 190   ;
;     -- Dedicated logic registers            ; 190   ;
;     -- I/O registers                        ; 0     ;
;                                             ;       ;
; I/O pins                                    ; 26    ;
; Embedded Multiplier 9-bit elements          ; 0     ;
; Maximum fan-out node                        ; rst   ;
; Maximum fan-out                             ; 225   ;
; Total fan-out                               ; 1452  ;
; Average fan-out                             ; 3.55  ;
+---------------------------------------------+-------+


+-----------------------------------------------------------------------------------------------------------------------------------------------------------------------------+
; Analysis & Synthesis Resource Utilization by Entity                                                                                                                         ;
+----------------------------+-------------------+--------------+-------------+--------------+---------+-----------+------+--------------+---------------------+--------------+
; Compilation Hierarchy Node ; LC Combinationals ; LC Registers ; Memory Bits ; DSP Elements ; DSP 9x9 ; DSP 18x18 ; Pins ; Virtual Pins ; Full Hierarchy Name ; Library Name ;
+----------------------------+-------------------+--------------+-------------+--------------+---------+-----------+------+--------------+---------------------+--------------+
; |S1                        ; 193 (193)         ; 190 (190)    ; 0           ; 0            ; 0       ; 0         ; 26   ; 0            ; |S1                 ; work         ;
+----------------------------+-------------------+--------------+-------------+--------------+---------+-----------+------+--------------+---------------------+--------------+
Note: For table entries with two numbers listed, the numbers in parentheses indicate the number of resources of the given type used by the specific entity alone. The numbers listed outside of parentheses indicate the total resources of the given type used by the specific entity and all of its sub-entities in the hierarchy.


Encoding Type:  One-Hot
+------------------------------------------------------------------------------------------------------------------------------------------------------------------------------------------------+
; State Machine - |S1|curr_state                                                                                                                                                                 ;
+--------------------------------+-------------------------+-----------------------+------------------------+-----------------------------+--------------------------------+---------------------+
; Name                           ; curr_state.S5_FINISH_TX ; curr_state.S4_TX_DATA ; curr_state.S3_TX_START ; curr_state.S2_READ_FROM_RB1 ; curr_state.S1_SEND_ADDR_TO_RB1 ; curr_state.S0_RESET ;
+--------------------------------+-------------------------+-----------------------+------------------------+-----------------------------+--------------------------------+---------------------+
; curr_state.S0_RESET            ; 0                       ; 0                     ; 0                      ; 0                           ; 0                              ; 0                   ;
; curr_state.S1_SEND_ADDR_TO_RB1 ; 0                       ; 0                     ; 0                      ; 0                           ; 1                              ; 1                   ;
; curr_state.S2_READ_FROM_RB1    ; 0                       ; 0                     ; 0                      ; 1                           ; 0                              ; 1                   ;
; curr_state.S3_TX_START         ; 0                       ; 0                     ; 1                      ; 0                           ; 0                              ; 1                   ;
; curr_state.S4_TX_DATA          ; 0                       ; 1                     ; 0                      ; 0                           ; 0                              ; 1                   ;
; curr_state.S5_FINISH_TX        ; 1                       ; 0                     ; 0                      ; 0                           ; 0                              ; 1                   ;
+--------------------------------+-------------------------+-----------------------+------------------------+-----------------------------+--------------------------------+---------------------+


+--------------------------------------------------------------------------------+
; Registers Removed During Synthesis                                             ;
+---------------------------------------+----------------------------------------+
; Register name                         ; Reason for Removal                     ;
+---------------------------------------+----------------------------------------+
; RB1_RW~reg0                           ; Stuck at VCC due to stuck port data_in ;
; addr_sd[0]                            ; Merged with data_cnt[0]                ;
; addr_sd[1]                            ; Merged with data_cnt[1]                ;
; curr_state~4                          ; Lost fanout                            ;
; curr_state~5                          ; Lost fanout                            ;
; curr_state~6                          ; Lost fanout                            ;
; curr_state.S5_FINISH_TX               ; Lost fanout                            ;
; addr_sd[2]                            ; Merged with data_cnt[2]                ;
; Total Number of Removed Registers = 8 ;                                        ;
+---------------------------------------+----------------------------------------+


+-----------------------------------------------------------------------------+
; Removed Registers Triggering Further Register Optimizations                 ;
+---------------+--------------------+----------------------------------------+
; Register name ; Reason for Removal ; Registers Removed due to This Register ;
+---------------+--------------------+----------------------------------------+
; curr_state~4  ; Lost Fanouts       ; curr_state.S5_FINISH_TX                ;
+---------------+--------------------+----------------------------------------+


+------------------------------------------------------+
; General Register Statistics                          ;
+----------------------------------------------+-------+
; Statistic                                    ; Value ;
+----------------------------------------------+-------+
; Total registers                              ; 190   ;
; Number of registers using Synchronous Clear  ; 0     ;
; Number of registers using Synchronous Load   ; 5     ;
; Number of registers using Asynchronous Clear ; 189   ;
; Number of registers using Asynchronous Load  ; 0     ;
; Number of registers using Clock Enable       ; 172   ;
; Number of registers using Preset             ; 0     ;
+----------------------------------------------+-------+


+--------------------------------------------------+
; Inverted Register Statistics                     ;
+----------------------------------------+---------+
; Inverted Register                      ; Fan out ;
+----------------------------------------+---------+
; shift_cnt[4]                           ; 3       ;
; shift_cnt[2]                           ; 2       ;
; Total number of inverted registers = 2 ;         ;
+----------------------------------------+---------+


+------------------------------------------------------------------------------------------------------------------------------------------+
; Multiplexer Restructuring Statistics (Restructuring Performed)                                                                           ;
+--------------------+-----------+---------------+----------------------+------------------------+------------+----------------------------+
; Multiplexer Inputs ; Bus Width ; Baseline Area ; Area if Restructured ; Saving if Restructured ; Registered ; Example Multiplexer Output ;
+--------------------+-----------+---------------+----------------------+------------------------+------------+----------------------------+
; 3:1                ; 3 bits    ; 6 LEs         ; 3 LEs                ; 3 LEs                  ; Yes        ; |S1|shift_cnt[3]           ;
; 3:1                ; 2 bits    ; 4 LEs         ; 2 LEs                ; 2 LEs                  ; Yes        ; |S1|data_shift_reg[19]     ;
; 3:1                ; 2 bits    ; 4 LEs         ; 2 LEs                ; 2 LEs                  ; Yes        ; |S1|shift_cnt[4]           ;
; 10:1               ; 17 bits   ; 102 LEs       ; 102 LEs              ; 0 LEs                  ; Yes        ; |S1|data_shift_reg[17]     ;
+--------------------+-----------+---------------+----------------------+------------------------+------------+----------------------------+


+--------------------------------------------------------------------+
; Parameter Settings for User Entity Instance: Top-level Entity: |S1 ;
+---------------------+-------+--------------------------------------+
; Parameter Name      ; Value ; Type                                 ;
+---------------------+-------+--------------------------------------+
; WORD_WIDTH          ; 18    ; Signed Integer                       ;
; WORD_DEPTH          ; 8     ; Signed Integer                       ;
; S0_RESET            ; 000   ; Unsigned Binary                      ;
; S1_SEND_ADDR_TO_RB1 ; 001   ; Unsigned Binary                      ;
; S2_READ_FROM_RB1    ; 010   ; Unsigned Binary                      ;
; S3_TX_START         ; 011   ; Unsigned Binary                      ;
; S4_TX_DATA          ; 100   ; Unsigned Binary                      ;
; S5_FINISH_TX        ; 101   ; Unsigned Binary                      ;
+---------------------+-------+--------------------------------------+
Note: In order to hide this table in the UI and the text report file, please set the "Show Parameter Settings in Synthesis Report" option in "Analysis and Synthesis Settings -> More Settings" to "Off".


+-------------------------------+
; Elapsed Time Per Partition    ;
+----------------+--------------+
; Partition Name ; Elapsed Time ;
+----------------+--------------+
; Top            ; 00:00:00     ;
+----------------+--------------+


+-------------------------------+
; Analysis & Synthesis Messages ;
+-------------------------------+
Info: *******************************************************************
Info: Running Quartus II 64-Bit Analysis & Synthesis
    Info: Version 13.0.1 Build 232 06/12/2013 Service Pack 1 SJ Web Edition
    Info: Processing started: Mon Dec 30 02:01:18 2013
Info: Command: quartus_map --read_settings_files=on --write_settings_files=off HW4_serial_TxRx -c HW4_serial_TxRx
Warning (20028): Parallel compilation is not licensed and has been disabled
Info (12021): Found 3 design units, including 3 entities, in source file tb.v
    Info (12023): Found entity 1: RB1
    Info (12023): Found entity 2: RB2
    Info (12023): Found entity 3: tb
Info (12021): Found 1 design units, including 1 entities, in source file s2.v
    Info (12023): Found entity 1: S2
Info (12021): Found 1 design units, including 1 entities, in source file s1.v
    Info (12023): Found entity 1: S1
Info (12127): Elaborating entity "S1" for the top level hierarchy
Warning (10240): Verilog HDL Always Construct warning at S1.v(149): inferring latch(es) for variable "i", which holds its previous value in one or more paths through the always construct
Warning (10034): Output port "RB1_D" at S1.v(8) has no driver
Warning (13004): Presettable and clearable registers converted to equivalent circuits with latches. Registers power-up to an undefined state, and DEVCLRn places the registers in an undefined state.
    Warning (13310): Register "data_shift_reg[17]" is converted into an equivalent circuit using register "data_shift_reg[17]~_emulated" and latch "data_shift_reg[17]~1"
    Warning (13310): Register "data_shift_reg[16]" is converted into an equivalent circuit using register "data_shift_reg[16]~_emulated" and latch "data_shift_reg[16]~5"
    Warning (13310): Register "data_shift_reg[15]" is converted into an equivalent circuit using register "data_shift_reg[15]~_emulated" and latch "data_shift_reg[15]~9"
    Warning (13310): Register "data_shift_reg[14]" is converted into an equivalent circuit using register "data_shift_reg[14]~_emulated" and latch "data_shift_reg[14]~13"
    Warning (13310): Register "data_shift_reg[13]" is converted into an equivalent circuit using register "data_shift_reg[13]~_emulated" and latch "data_shift_reg[13]~17"
    Warning (13310): Register "data_shift_reg[12]" is converted into an equivalent circuit using register "data_shift_reg[12]~_emulated" and latch "data_shift_reg[12]~21"
    Warning (13310): Register "data_shift_reg[11]" is converted into an equivalent circuit using register "data_shift_reg[11]~_emulated" and latch "data_shift_reg[11]~25"
    Warning (13310): Register "data_shift_reg[10]" is converted into an equivalent circuit using register "data_shift_reg[10]~_emulated" and latch "data_shift_reg[10]~29"
    Warning (13310): Register "data_shift_reg[9]" is converted into an equivalent circuit using register "data_shift_reg[9]~_emulated" and latch "data_shift_reg[9]~33"
    Warning (13310): Register "data_shift_reg[8]" is converted into an equivalent circuit using register "data_shift_reg[8]~_emulated" and latch "data_shift_reg[8]~37"
    Warning (13310): Register "data_shift_reg[7]" is converted into an equivalent circuit using register "data_shift_reg[7]~_emulated" and latch "data_shift_reg[7]~41"
    Warning (13310): Register "data_shift_reg[6]" is converted into an equivalent circuit using register "data_shift_reg[6]~_emulated" and latch "data_shift_reg[6]~45"
    Warning (13310): Register "data_shift_reg[5]" is converted into an equivalent circuit using register "data_shift_reg[5]~_emulated" and latch "data_shift_reg[5]~49"
    Warning (13310): Register "data_shift_reg[4]" is converted into an equivalent circuit using register "data_shift_reg[4]~_emulated" and latch "data_shift_reg[4]~53"
    Warning (13310): Register "data_shift_reg[3]" is converted into an equivalent circuit using register "data_shift_reg[3]~_emulated" and latch "data_shift_reg[3]~57"
    Warning (13310): Register "data_shift_reg[2]" is converted into an equivalent circuit using register "data_shift_reg[2]~_emulated" and latch "data_shift_reg[2]~61"
    Warning (13310): Register "data_shift_reg[1]" is converted into an equivalent circuit using register "data_shift_reg[1]~_emulated" and latch "data_shift_reg[1]~65"
    Warning (13310): Register "data_shift_reg[0]" is converted into an equivalent circuit using register "data_shift_reg[0]~_emulated" and latch "data_shift_reg[0]~69"
Warning (13024): Output pins are stuck at VCC or GND
    Warning (13410): Pin "RB1_RW" is stuck at VCC
    Warning (13410): Pin "RB1_D[0]" is stuck at GND
    Warning (13410): Pin "RB1_D[1]" is stuck at GND
    Warning (13410): Pin "RB1_D[2]" is stuck at GND
    Warning (13410): Pin "RB1_D[3]" is stuck at GND
    Warning (13410): Pin "RB1_D[4]" is stuck at GND
    Warning (13410): Pin "RB1_D[5]" is stuck at GND
    Warning (13410): Pin "RB1_D[6]" is stuck at GND
    Warning (13410): Pin "RB1_D[7]" is stuck at GND
Info (17049): 4 registers lost all their fanouts during netlist optimizations.
Info (16010): Generating hard_block partition "hard_block:auto_generated_inst"
    Info (16011): Adding 0 node(s), including 0 DDIO, 0 PLL, 0 transceiver and 0 LCELL
Info (21057): Implemented 371 device resources after synthesis - the final resource count might be different
    Info (21058): Implemented 10 input pins
    Info (21059): Implemented 16 output pins
    Info (21061): Implemented 345 logic cells
Info: Quartus II 64-Bit Analysis & Synthesis was successful. 0 errors, 32 warnings
    Info: Peak virtual memory: 462 megabytes
    Info: Processing ended: Mon Dec 30 02:01:20 2013
    Info: Elapsed time: 00:00:02
    Info: Total CPU time (on all processors): 00:00:01


